<?xml version="1.0" encoding="UTF-8"?>
<coverage generated="1692976990892" clover="3.2.0">
  <project timestamp="1692976990892" name="All files">
    <metrics statements="31" coveredstatements="31" conditionals="32" coveredconditionals="32" methods="9" coveredmethods="9" elements="72" coveredelements="72" complexity="0" loc="31" ncloc="31" packages="2" files="7" classes="7"/>
    <package name="item">
      <metrics statements="28" coveredstatements="28" conditionals="32" coveredconditionals="32" methods="6" coveredmethods="6"/>
      <file name="AgedBrieItem.js" path="/Users/thanosalexander/Code/creativeForce/challenges/glided-rose-kata/js-jest/src/modules/item/AgedBrieItem.js">
        <metrics statements="5" coveredstatements="5" conditionals="6" coveredconditionals="6" methods="1" coveredmethods="1"/>
        <line num="4" count="28" type="cond" truecount="2" falsecount="0"/>
        <line num="5" count="22" type="stmt"/>
        <line num="7" count="28" type="stmt"/>
        <line num="8" count="28" type="cond" truecount="4" falsecount="0"/>
        <line num="9" count="4" type="stmt"/>
      </file>
      <file name="BackstagePassesItem.js" path="/Users/thanosalexander/Code/creativeForce/challenges/glided-rose-kata/js-jest/src/modules/item/BackstagePassesItem.js">
        <metrics statements="9" coveredstatements="9" conditionals="12" coveredconditionals="12" methods="1" coveredmethods="1"/>
        <line num="4" count="26" type="cond" truecount="2" falsecount="0"/>
        <line num="5" count="24" type="stmt"/>
        <line num="6" count="24" type="cond" truecount="4" falsecount="0"/>
        <line num="7" count="8" type="stmt"/>
        <line num="9" count="24" type="cond" truecount="4" falsecount="0"/>
        <line num="10" count="4" type="stmt"/>
        <line num="13" count="26" type="stmt"/>
        <line num="14" count="26" type="cond" truecount="2" falsecount="0"/>
        <line num="15" count="2" type="stmt"/>
      </file>
      <file name="ConjuredItem.js" path="/Users/thanosalexander/Code/creativeForce/challenges/glided-rose-kata/js-jest/src/modules/item/ConjuredItem.js">
        <metrics statements="5" coveredstatements="5" conditionals="6" coveredconditionals="6" methods="1" coveredmethods="1"/>
        <line num="4" count="22" type="cond" truecount="2" falsecount="0"/>
        <line num="5" count="18" type="stmt"/>
        <line num="7" count="22" type="stmt"/>
        <line num="8" count="22" type="cond" truecount="4" falsecount="0"/>
        <line num="9" count="2" type="stmt"/>
      </file>
      <file name="Item.js" path="/Users/thanosalexander/Code/creativeForce/challenges/glided-rose-kata/js-jest/src/modules/item/Item.js">
        <metrics statements="3" coveredstatements="3" conditionals="0" coveredconditionals="0" methods="1" coveredmethods="1"/>
        <line num="3" count="68" type="stmt"/>
        <line num="4" count="68" type="stmt"/>
        <line num="5" count="68" type="stmt"/>
      </file>
      <file name="NormalItem.js" path="/Users/thanosalexander/Code/creativeForce/challenges/glided-rose-kata/js-jest/src/modules/item/NormalItem.js">
        <metrics statements="6" coveredstatements="6" conditionals="8" coveredconditionals="8" methods="1" coveredmethods="1"/>
        <line num="4" count="28" type="cond" truecount="2" falsecount="0"/>
        <line num="5" count="26" type="cond" truecount="2" falsecount="0"/>
        <line num="6" count="20" type="stmt"/>
        <line num="8" count="26" type="stmt"/>
        <line num="9" count="26" type="cond" truecount="4" falsecount="0"/>
        <line num="10" count="4" type="stmt"/>
      </file>
      <file name="SulfurasItem.js" path="/Users/thanosalexander/Code/creativeForce/challenges/glided-rose-kata/js-jest/src/modules/item/SulfurasItem.js">
        <metrics statements="0" coveredstatements="0" conditionals="0" coveredconditionals="0" methods="1" coveredmethods="1"/>
      </file>
    </package>
    <package name="shop">
      <metrics statements="3" coveredstatements="3" conditionals="0" coveredconditionals="0" methods="3" coveredmethods="3"/>
      <file name="Shop.js" path="/Users/thanosalexander/Code/creativeForce/challenges/glided-rose-kata/js-jest/src/modules/shop/Shop.js">
        <metrics statements="3" coveredstatements="3" conditionals="0" coveredconditionals="0" methods="3" coveredmethods="3"/>
        <line num="3" count="6" type="stmt"/>
        <line num="6" count="60" type="stmt"/>
        <line num="7" count="14" type="stmt"/>
      </file>
    </package>
  </project>
</coverage>
