{"/Users/thanosalexander/Code/creativeForce/challenges/glided-rose-kata/js-jest/src/modules/item/AgedBrieItem.js": {"path":"/Users/thanosalexander/Code/creativeForce/challenges/glided-rose-kata/js-jest/src/modules/item/AgedBrieItem.js","statementMap":{"0":{"start":{"line":4,"column":8},"end":{"line":6,"column":9}},"1":{"start":{"line":5,"column":12},"end":{"line":5,"column":30}},"2":{"start":{"line":7,"column":8},"end":{"line":7,"column":25}},"3":{"start":{"line":8,"column":8},"end":{"line":10,"column":9}},"4":{"start":{"line":9,"column":12},"end":{"line":9,"column":30}}},"fnMap":{"0":{"name":"(anonymous_0)","decl":{"start":{"line":3,"column":4},"end":{"line":3,"column":5}},"loc":{"start":{"line":3,"column":20},"end":{"line":11,"column":5}},"line":3}},"branchMap":{"0":{"loc":{"start":{"line":4,"column":8},"end":{"line":6,"column":9}},"type":"if","locations":[{"start":{"line":4,"column":8},"end":{"line":6,"column":9}},{"start":{},"end":{}}],"line":4},"1":{"loc":{"start":{"line":8,"column":8},"end":{"line":10,"column":9}},"type":"if","locations":[{"start":{"line":8,"column":8},"end":{"line":10,"column":9}},{"start":{},"end":{}}],"line":8},"2":{"loc":{"start":{"line":8,"column":12},"end":{"line":8,"column":48}},"type":"binary-expr","locations":[{"start":{"line":8,"column":12},"end":{"line":8,"column":27}},{"start":{"line":8,"column":31},"end":{"line":8,"column":48}}],"line":8}},"s":{"0":28,"1":22,"2":28,"3":28,"4":4},"f":{"0":28},"b":{"0":[22,6],"1":[4,24],"2":[28,10]},"_coverageSchema":"1a1c01bbd47fc00a2c39e90264f33305004495a9","hash":"a7fd0c059fcb7b0f355dc9973f59810abc7c604a"}
,"/Users/thanosalexander/Code/creativeForce/challenges/glided-rose-kata/js-jest/src/modules/item/BackstagePassesItem.js": {"path":"/Users/thanosalexander/Code/creativeForce/challenges/glided-rose-kata/js-jest/src/modules/item/BackstagePassesItem.js","statementMap":{"0":{"start":{"line":4,"column":8},"end":{"line":12,"column":9}},"1":{"start":{"line":5,"column":12},"end":{"line":5,"column":30}},"2":{"start":{"line":6,"column":12},"end":{"line":8,"column":13}},"3":{"start":{"line":7,"column":16},"end":{"line":7,"column":34}},"4":{"start":{"line":9,"column":12},"end":{"line":11,"column":13}},"5":{"start":{"line":10,"column":16},"end":{"line":10,"column":34}},"6":{"start":{"line":13,"column":8},"end":{"line":13,"column":25}},"7":{"start":{"line":14,"column":8},"end":{"line":16,"column":9}},"8":{"start":{"line":15,"column":12},"end":{"line":15,"column":29}}},"fnMap":{"0":{"name":"(anonymous_0)","decl":{"start":{"line":3,"column":4},"end":{"line":3,"column":5}},"loc":{"start":{"line":3,"column":20},"end":{"line":17,"column":5}},"line":3}},"branchMap":{"0":{"loc":{"start":{"line":4,"column":8},"end":{"line":12,"column":9}},"type":"if","locations":[{"start":{"line":4,"column":8},"end":{"line":12,"column":9}},{"start":{},"end":{}}],"line":4},"1":{"loc":{"start":{"line":6,"column":12},"end":{"line":8,"column":13}},"type":"if","locations":[{"start":{"line":6,"column":12},"end":{"line":8,"column":13}},{"start":{},"end":{}}],"line":6},"2":{"loc":{"start":{"line":6,"column":16},"end":{"line":6,"column":53}},"type":"binary-expr","locations":[{"start":{"line":6,"column":16},"end":{"line":6,"column":32}},{"start":{"line":6,"column":36},"end":{"line":6,"column":53}}],"line":6},"3":{"loc":{"start":{"line":9,"column":12},"end":{"line":11,"column":13}},"type":"if","locations":[{"start":{"line":9,"column":12},"end":{"line":11,"column":13}},{"start":{},"end":{}}],"line":9},"4":{"loc":{"start":{"line":9,"column":16},"end":{"line":9,"column":52}},"type":"binary-expr","locations":[{"start":{"line":9,"column":16},"end":{"line":9,"column":31}},{"start":{"line":9,"column":35},"end":{"line":9,"column":52}}],"line":9},"5":{"loc":{"start":{"line":14,"column":8},"end":{"line":16,"column":9}},"type":"if","locations":[{"start":{"line":14,"column":8},"end":{"line":16,"column":9}},{"start":{},"end":{}}],"line":14}},"s":{"0":26,"1":24,"2":24,"3":8,"4":24,"5":4,"6":26,"7":26,"8":2},"f":{"0":26},"b":{"0":[24,2],"1":[8,16],"2":[24,8],"3":[4,20],"4":[24,4],"5":[2,24]},"_coverageSchema":"1a1c01bbd47fc00a2c39e90264f33305004495a9","hash":"dbd4ced916e45112fa255ae78310a5ed2ac2bd16"}
,"/Users/thanosalexander/Code/creativeForce/challenges/glided-rose-kata/js-jest/src/modules/item/ConjuredItem.js": {"path":"/Users/thanosalexander/Code/creativeForce/challenges/glided-rose-kata/js-jest/src/modules/item/ConjuredItem.js","statementMap":{"0":{"start":{"line":4,"column":8},"end":{"line":6,"column":9}},"1":{"start":{"line":5,"column":12},"end":{"line":5,"column":30}},"2":{"start":{"line":7,"column":8},"end":{"line":7,"column":25}},"3":{"start":{"line":8,"column":8},"end":{"line":10,"column":9}},"4":{"start":{"line":9,"column":12},"end":{"line":9,"column":30}},"5":{"start":{"line":11,"column":8},"end":{"line":11,"column":49}}},"fnMap":{"0":{"name":"(anonymous_0)","decl":{"start":{"line":3,"column":4},"end":{"line":3,"column":5}},"loc":{"start":{"line":3,"column":20},"end":{"line":12,"column":5}},"line":3}},"branchMap":{"0":{"loc":{"start":{"line":4,"column":8},"end":{"line":6,"column":9}},"type":"if","locations":[{"start":{"line":4,"column":8},"end":{"line":6,"column":9}},{"start":{},"end":{}}],"line":4},"1":{"loc":{"start":{"line":8,"column":8},"end":{"line":10,"column":9}},"type":"if","locations":[{"start":{"line":8,"column":8},"end":{"line":10,"column":9}},{"start":{},"end":{}}],"line":8},"2":{"loc":{"start":{"line":8,"column":12},"end":{"line":8,"column":47}},"type":"binary-expr","locations":[{"start":{"line":8,"column":12},"end":{"line":8,"column":27}},{"start":{"line":8,"column":31},"end":{"line":8,"column":47}}],"line":8}},"s":{"0":32,"1":20,"2":32,"3":32,"4":4,"5":32},"f":{"0":32},"b":{"0":[20,12],"1":[4,28],"2":[32,10]},"_coverageSchema":"1a1c01bbd47fc00a2c39e90264f33305004495a9","hash":"0e06a6856aa352f7d03553da1b978fd852e9f9b9"}
,"/Users/thanosalexander/Code/creativeForce/challenges/glided-rose-kata/js-jest/src/modules/item/Item.js": {"path":"/Users/thanosalexander/Code/creativeForce/challenges/glided-rose-kata/js-jest/src/modules/item/Item.js","statementMap":{"0":{"start":{"line":3,"column":8},"end":{"line":3,"column":25}},"1":{"start":{"line":4,"column":8},"end":{"line":4,"column":29}},"2":{"start":{"line":5,"column":8},"end":{"line":5,"column":31}}},"fnMap":{"0":{"name":"(anonymous_0)","decl":{"start":{"line":2,"column":4},"end":{"line":2,"column":5}},"loc":{"start":{"line":2,"column":39},"end":{"line":6,"column":5}},"line":2}},"branchMap":{},"s":{"0":78,"1":78,"2":78},"f":{"0":78},"b":{},"_coverageSchema":"1a1c01bbd47fc00a2c39e90264f33305004495a9","hash":"9075e9ee0bde66b0103993fb97663015c7cd5d10"}
,"/Users/thanosalexander/Code/creativeForce/challenges/glided-rose-kata/js-jest/src/modules/item/NormalItem.js": {"path":"/Users/thanosalexander/Code/creativeForce/challenges/glided-rose-kata/js-jest/src/modules/item/NormalItem.js","statementMap":{"0":{"start":{"line":4,"column":8},"end":{"line":12,"column":9}},"1":{"start":{"line":5,"column":12},"end":{"line":7,"column":13}},"2":{"start":{"line":6,"column":16},"end":{"line":6,"column":34}},"3":{"start":{"line":8,"column":12},"end":{"line":8,"column":29}},"4":{"start":{"line":9,"column":12},"end":{"line":11,"column":13}},"5":{"start":{"line":10,"column":16},"end":{"line":10,"column":34}}},"fnMap":{"0":{"name":"(anonymous_0)","decl":{"start":{"line":3,"column":4},"end":{"line":3,"column":5}},"loc":{"start":{"line":3,"column":20},"end":{"line":13,"column":5}},"line":3}},"branchMap":{"0":{"loc":{"start":{"line":4,"column":8},"end":{"line":12,"column":9}},"type":"if","locations":[{"start":{"line":4,"column":8},"end":{"line":12,"column":9}},{"start":{},"end":{}}],"line":4},"1":{"loc":{"start":{"line":5,"column":12},"end":{"line":7,"column":13}},"type":"if","locations":[{"start":{"line":5,"column":12},"end":{"line":7,"column":13}},{"start":{},"end":{}}],"line":5},"2":{"loc":{"start":{"line":9,"column":12},"end":{"line":11,"column":13}},"type":"if","locations":[{"start":{"line":9,"column":12},"end":{"line":11,"column":13}},{"start":{},"end":{}}],"line":9},"3":{"loc":{"start":{"line":9,"column":16},"end":{"line":9,"column":51}},"type":"binary-expr","locations":[{"start":{"line":9,"column":16},"end":{"line":9,"column":31}},{"start":{"line":9,"column":35},"end":{"line":9,"column":51}}],"line":9}},"s":{"0":28,"1":26,"2":20,"3":26,"4":26,"5":4},"f":{"0":28},"b":{"0":[26,2],"1":[20,6],"2":[4,22],"3":[26,8]},"_coverageSchema":"1a1c01bbd47fc00a2c39e90264f33305004495a9","hash":"5573fb7dfde2cde886dbcc5cdea7a2c8ef4eafb8"}
,"/Users/thanosalexander/Code/creativeForce/challenges/glided-rose-kata/js-jest/src/modules/item/SulfurasItem.js": {"path":"/Users/thanosalexander/Code/creativeForce/challenges/glided-rose-kata/js-jest/src/modules/item/SulfurasItem.js","statementMap":{"0":{"start":{"line":4,"column":24},"end":{"line":4,"column":36}},"1":{"start":{"line":5,"column":23},"end":{"line":5,"column":34}},"2":{"start":{"line":6,"column":8},"end":{"line":6,"column":31}},"3":{"start":{"line":7,"column":8},"end":{"line":7,"column":29}}},"fnMap":{"0":{"name":"(anonymous_0)","decl":{"start":{"line":3,"column":4},"end":{"line":3,"column":5}},"loc":{"start":{"line":3,"column":20},"end":{"line":8,"column":5}},"line":3}},"branchMap":{},"s":{"0":24,"1":24,"2":24,"3":24},"f":{"0":24},"b":{},"_coverageSchema":"1a1c01bbd47fc00a2c39e90264f33305004495a9","hash":"219de8f871a3608ce97b728a59464f7ae1036348"}
,"/Users/thanosalexander/Code/creativeForce/challenges/glided-rose-kata/js-jest/src/modules/shop/Shop.js": {"path":"/Users/thanosalexander/Code/creativeForce/challenges/glided-rose-kata/js-jest/src/modules/shop/Shop.js","statementMap":{"0":{"start":{"line":3,"column":8},"end":{"line":3,"column":27}},"1":{"start":{"line":6,"column":8},"end":{"line":6,"column":59}},"2":{"start":{"line":6,"column":37},"end":{"line":6,"column":57}},"3":{"start":{"line":7,"column":8},"end":{"line":7,"column":26}}},"fnMap":{"0":{"name":"(anonymous_0)","decl":{"start":{"line":2,"column":4},"end":{"line":2,"column":5}},"loc":{"start":{"line":2,"column":23},"end":{"line":4,"column":5}},"line":2},"1":{"name":"(anonymous_1)","decl":{"start":{"line":5,"column":4},"end":{"line":5,"column":5}},"loc":{"start":{"line":5,"column":20},"end":{"line":8,"column":5}},"line":5},"2":{"name":"(anonymous_2)","decl":{"start":{"line":6,"column":27},"end":{"line":6,"column":28}},"loc":{"start":{"line":6,"column":37},"end":{"line":6,"column":57}},"line":6}},"branchMap":{},"s":{"0":6,"1":14,"2":60,"3":14},"f":{"0":6,"1":14,"2":60},"b":{},"_coverageSchema":"1a1c01bbd47fc00a2c39e90264f33305004495a9","hash":"46896322f005229a87408c96bf1062821d5cb704"}
}
