TN:
SF:/Users/thanosalexander/Code/creativeForce/challenges/glided-rose-kata/js-jest/src/gilded_rose.js
FN:2,(anonymous_0)
FN:20,(anonymous_1)
FN:23,(anonymous_2)
FNF:3
FNH:3
FNDA:6,(anonymous_0)
FNDA:8,(anonymous_1)
FNDA:8,(anonymous_2)
DA:2,1
DA:3,6
DA:5,1
DA:6,1
DA:7,1
DA:8,1
DA:9,1
DA:10,1
DA:11,1
DA:12,1
DA:13,1
DA:14,1
DA:15,1
DA:16,1
DA:17,1
DA:18,1
DA:21,8
DA:24,8
DA:25,9
DA:27,8
DA:30,1
LF:21
LH:21
BRDA:2,0,0,1
BRDA:2,0,1,1
BRDA:2,0,2,1
BRDA:3,1,0,6
BRDA:3,1,1,0
BRDA:3,2,0,6
BRDA:3,2,1,6
BRDA:20,3,0,0
BRF:8
BRH:6
end_of_record
TN:
SF:/Users/thanosalexander/Code/creativeForce/challenges/glided-rose-kata/js-jest/src/modules/item/AgedBrieItem.js
FN:3,(anonymous_0)
FN:9,(anonymous_1)
FNF:2
FNH:2
FNDA:3,(anonymous_0)
FNDA:3,(anonymous_1)
DA:3,3
DA:4,3
DA:6,3
DA:7,3
DA:10,3
DA:11,3
DA:12,2
DA:13,2
DA:14,0
DA:19,3
LF:10
LH:9
BRDA:3,0,0,3
BRDA:3,0,1,3
BRDA:3,0,2,3
BRDA:4,1,0,3
BRDA:4,1,1,0
BRDA:4,2,0,3
BRDA:4,2,1,3
BRDA:11,3,0,2
BRDA:11,3,1,1
BRDA:13,4,0,0
BRDA:13,4,1,2
BRDA:13,5,0,2
BRDA:13,5,1,0
BRF:13
BRH:10
end_of_record
TN:
SF:/Users/thanosalexander/Code/creativeForce/challenges/glided-rose-kata/js-jest/src/modules/item/BackstagePassesItem.js
FN:3,(anonymous_0)
FN:9,(anonymous_1)
FNF:2
FNH:2
FNDA:3,(anonymous_0)
FNDA:6,(anonymous_1)
DA:3,3
DA:4,3
DA:6,3
DA:7,3
DA:10,6
DA:11,6
DA:12,0
DA:14,6
DA:15,5
DA:16,5
DA:17,3
DA:19,5
DA:20,2
DA:25,3
LF:14
LH:13
BRDA:3,0,0,3
BRDA:3,0,1,3
BRDA:3,0,2,3
BRDA:4,1,0,3
BRDA:4,1,1,0
BRDA:4,2,0,3
BRDA:4,2,1,3
BRDA:11,3,0,0
BRDA:11,3,1,6
BRDA:14,4,0,5
BRDA:14,4,1,1
BRDA:16,5,0,3
BRDA:16,5,1,2
BRDA:16,6,0,5
BRDA:16,6,1,3
BRDA:19,7,0,2
BRDA:19,7,1,3
BRDA:19,8,0,5
BRDA:19,8,1,2
BRF:19
BRH:17
end_of_record
TN:
SF:/Users/thanosalexander/Code/creativeForce/challenges/glided-rose-kata/js-jest/src/modules/item/ConjuredItem.js
FN:3,(anonymous_0)
FN:9,(anonymous_1)
FNF:2
FNH:2
FNDA:3,(anonymous_0)
FNDA:4,(anonymous_1)
DA:3,3
DA:4,3
DA:6,3
DA:7,3
DA:10,4
DA:11,4
DA:12,3
DA:13,3
DA:14,0
DA:19,3
LF:10
LH:9
BRDA:3,0,0,3
BRDA:3,0,1,3
BRDA:3,0,2,3
BRDA:4,1,0,3
BRDA:4,1,1,0
BRDA:4,2,0,3
BRDA:4,2,1,3
BRDA:11,3,0,3
BRDA:11,3,1,1
BRDA:13,4,0,0
BRDA:13,4,1,3
BRDA:13,5,0,3
BRDA:13,5,1,0
BRF:13
BRH:10
end_of_record
TN:
SF:/Users/thanosalexander/Code/creativeForce/challenges/glided-rose-kata/js-jest/src/modules/item/Item.js
FN:4,(anonymous_0)
FN:9,(anonymous_1)
FNF:2
FNH:2
FNDA:33,(anonymous_0)
FNDA:22,(anonymous_1)
DA:2,7
DA:5,33
DA:6,33
DA:7,33
DA:11,7
LF:5
LH:5
BRF:0
BRH:0
end_of_record
TN:
SF:/Users/thanosalexander/Code/creativeForce/challenges/glided-rose-kata/js-jest/src/modules/item/NormalItem.js
FN:3,(anonymous_0)
FN:9,(anonymous_1)
FNF:2
FNH:2
FNDA:3,(anonymous_0)
FNDA:6,(anonymous_1)
DA:3,3
DA:4,3
DA:6,3
DA:7,3
DA:10,6
DA:11,5
DA:13,6
DA:14,6
DA:15,1
DA:19,3
LF:10
LH:10
BRDA:3,0,0,3
BRDA:3,0,1,3
BRDA:3,0,2,3
BRDA:4,1,0,3
BRDA:4,1,1,0
BRDA:4,2,0,3
BRDA:4,2,1,3
BRDA:10,3,0,5
BRDA:10,3,1,1
BRDA:14,4,0,1
BRDA:14,4,1,5
BRDA:14,5,0,6
BRDA:14,5,1,1
BRF:13
BRH:12
end_of_record
TN:
SF:/Users/thanosalexander/Code/creativeForce/challenges/glided-rose-kata/js-jest/src/modules/item/SulfurasItem.js
FN:3,(anonymous_0)
FN:9,(anonymous_1)
FNF:2
FNH:2
FNDA:3,(anonymous_0)
FNDA:5,(anonymous_1)
DA:3,3
DA:4,3
DA:6,3
DA:7,3
DA:13,3
LF:5
LH:5
BRDA:3,0,0,3
BRDA:3,0,1,3
BRDA:3,0,2,3
BRDA:4,1,0,3
BRDA:4,1,1,0
BRDA:4,2,0,3
BRDA:4,2,1,3
BRF:7
BRH:6
end_of_record
TN:
SF:/Users/thanosalexander/Code/creativeForce/challenges/glided-rose-kata/js-jest/src/modules/shop/Shop.js
FN:4,(anonymous_0)
FN:7,(anonymous_1)
FNF:2
FNH:2
FNDA:8,(anonymous_0)
FNDA:8,(anonymous_1)
DA:2,2
DA:5,8
DA:8,8
DA:9,9
DA:11,8
DA:14,2
LF:6
LH:6
BRDA:4,0,0,0
BRF:1
BRH:0
end_of_record
