TN:
SF:src/modules/item/AgedBrieItem.js
FN:3,(anonymous_0)
FNF:1
FNH:1
FNDA:28,(anonymous_0)
DA:4,28
DA:5,22
DA:7,28
DA:8,28
DA:9,4
LF:5
LH:5
BRDA:4,0,0,22
BRDA:4,0,1,6
BRDA:8,1,0,4
BRDA:8,1,1,24
BRDA:8,2,0,28
BRDA:8,2,1,10
BRF:6
BRH:6
end_of_record
TN:
SF:src/modules/item/BackstagePassesItem.js
FN:3,(anonymous_0)
FNF:1
FNH:1
FNDA:26,(anonymous_0)
DA:4,26
DA:5,24
DA:6,24
DA:7,8
DA:9,24
DA:10,4
DA:13,26
DA:14,26
DA:15,2
LF:9
LH:9
BRDA:4,0,0,24
BRDA:4,0,1,2
BRDA:6,1,0,8
BRDA:6,1,1,16
BRDA:6,2,0,24
BRDA:6,2,1,8
BRDA:9,3,0,4
BRDA:9,3,1,20
BRDA:9,4,0,24
BRDA:9,4,1,4
BRDA:14,5,0,2
BRDA:14,5,1,24
BRF:12
BRH:12
end_of_record
TN:
SF:src/modules/item/ConjuredItem.js
FN:3,(anonymous_0)
FNF:1
FNH:1
FNDA:32,(anonymous_0)
DA:4,32
DA:5,20
DA:7,32
DA:8,32
DA:9,4
DA:11,32
LF:6
LH:6
BRDA:4,0,0,20
BRDA:4,0,1,12
BRDA:8,1,0,4
BRDA:8,1,1,28
BRDA:8,2,0,32
BRDA:8,2,1,10
BRF:6
BRH:6
end_of_record
TN:
SF:src/modules/item/Item.js
FN:2,(anonymous_0)
FNF:1
FNH:1
FNDA:78,(anonymous_0)
DA:3,78
DA:4,78
DA:5,78
LF:3
LH:3
BRF:0
BRH:0
end_of_record
TN:
SF:src/modules/item/NormalItem.js
FN:3,(anonymous_0)
FNF:1
FNH:1
FNDA:28,(anonymous_0)
DA:4,28
DA:5,26
DA:6,20
DA:8,26
DA:9,26
DA:10,4
LF:6
LH:6
BRDA:4,0,0,26
BRDA:4,0,1,2
BRDA:5,1,0,20
BRDA:5,1,1,6
BRDA:9,2,0,4
BRDA:9,2,1,22
BRDA:9,3,0,26
BRDA:9,3,1,8
BRF:8
BRH:8
end_of_record
TN:
SF:src/modules/item/SulfurasItem.js
FN:3,(anonymous_0)
FNF:1
FNH:1
FNDA:24,(anonymous_0)
DA:4,24
DA:5,24
DA:6,24
DA:7,24
LF:4
LH:4
BRF:0
BRH:0
end_of_record
TN:
SF:src/modules/shop/Shop.js
FN:2,(anonymous_0)
FN:5,(anonymous_1)
FN:6,(anonymous_2)
FNF:3
FNH:3
FNDA:6,(anonymous_0)
FNDA:14,(anonymous_1)
FNDA:60,(anonymous_2)
DA:3,6
DA:6,60
DA:7,14
LF:3
LH:3
BRF:0
BRH:0
end_of_record
